-------------------------------------------------------------------------------
Test set: RegressionTest.AllTests
-------------------------------------------------------------------------------
Tests run: 2, Failures: 1, Errors: 0, Skipped: 0, Time elapsed: 0.033 s <<< FAILURE! - in RegressionTest.AllTests
testverif(RegressionTest.TestVerification)  Time elapsed: 0.016 s  <<< FAILURE!
java.lang.AssertionError: expected:<3> but was:<4>
	at RegressionTest.TestVerification.testverif(TestVerification.java:11)

