-------------------------------------------------------------------------------
Test set: RegressionTest.TestVerification
-------------------------------------------------------------------------------
Tests run: 1, Failures: 1, Errors: 0, Skipped: 0, Time elapsed: 0 s <<< FAILURE! - in RegressionTest.TestVerification
testverif(RegressionTest.TestVerification)  Time elapsed: 0 s  <<< FAILURE!
java.lang.AssertionError: expected:<3> but was:<4>
	at RegressionTest.TestVerification.testverif(TestVerification.java:11)

