-------------------------------------------------------------------------------
Test set: SmockeTest.AllTests
-------------------------------------------------------------------------------
Tests run: 2, Failures: 1, Errors: 0, Skipped: 0, Time elapsed: 0 s <<< FAILURE! - in SmockeTest.AllTests
testInvalid(SmockeTest.FirstTC)  Time elapsed: 0 s  <<< FAILURE!
java.lang.AssertionError: expected:<3> but was:<2>
	at SmockeTest.FirstTC.testInvalid(FirstTC.java:11)

