<?xml version="1.0" encoding="UTF-8"?>
<testsuite xmlns:xsi="http://www.w3.org/2001/XMLSchema-instance" xsi:noNamespaceSchemaLocation="https://maven.apache.org/surefire/maven-surefire-plugin/xsd/surefire-test-report.xsd" name="SmockeTest.AllTests" time="0" tests="2" errors="0" skipped="0" failures="1">
  <properties>
[...]
</properties>
  <testcase name="testInvalid" classname="SmockeTest.FirstTC" time="0">
    <failure message="expected:&lt;3&gt; but was:&lt;2&gt;" type="java.lang.AssertionError"><![CDATA[java.lang.AssertionError: expected:<3> but was:<2>
	at SmockeTest.FirstTC.testInvalid(FirstTC.java:11)
]]></failure>
  </testcase>
  <testcase name="testValide" classname="SmockeTest.secondTC" time="0"/>
</testsuite>